Command line:
   memory_tb_isim_beh.exe
     -simmode  gui
     -simrunnum  0
     -socket  56287

Thu Nov 21 16:59:06 2019


 Elaboration Time: 0.078125 sec

 Current Memory Usage: 5164.65 Meg

 Total Signals          : 17
 Total Nets             : 71
 Total Signal Drivers   : 8
 Total Blocks           : 3
 Total Primitive Blocks : 2
 Total Processes        : 6
 Total Traceable Variables  : 13
 Total Scalar Nets and Variables : 436
In process memory.vhd:fifo_proc 
 

 Total Simulation Time: 0.296875 sec

 Current Memory Usage: 5479.22 Meg

Thu Nov 21 16:59:51 2019

