Running: C:\Xilinx\14.7\ISE_DS\ISE\bin\nt64\unwrapped\fuse.exe -intstyle ise -incremental -lib secureip -o C:/GitHub/StopWatch/stopwatch/vga_tb_isim_beh.exe -prj C:/GitHub/StopWatch/stopwatch/vga_tb_beh.prj work.vga_tb 
ISim P.20131013 (signature 0x7708f090)
Number of CPUs detected in this system: 4
Turning on mult-threading, number of parallel sub-compilation jobs: 8 
Determining compilation order of HDL files
Parsing VHDL file "C:/GitHub/StopWatch/stopwatch/vga.vhd" into library work
Parsing VHDL file "C:/GitHub/StopWatch/stopwatch/vga_tb.vhd" into library work
Starting static elaboration
Completed static elaboration
Compiling package standard
Compiling package std_logic_1164
Compiling package std_logic_arith
Compiling package std_logic_unsigned
Compiling architecture behavioral of entity vga [vga_default]
Compiling architecture behavior of entity vga_tb
Time Resolution for simulation is 1ps.
Waiting for 1 sub-compilation(s) to finish...
WARNING:Simulator - Unable to copy libPortabilityNOSH.dll to the simulation executable directory: boost::filesystem::copy_file: Системе не удается найти указанный путь, "isim\vga_tb_isim_beh.exe.sim\libPortability.dll".
Compiled 7 VHDL Units
Built simulation executable C:/GitHub/StopWatch/stopwatch/vga_tb_isim_beh.exe
Fuse Memory Usage: 34228 KB
Fuse CPU Usage: 515 ms
